<?xml version="1.0" encoding="UTF-8"?>
<!-- Generated by org.testng.reporters.JUnitXMLReporter -->
<testsuite ignored="0" hostname="Naveen" failures="2" tests="2" name="Test" time="10.336" errors="0" timestamp="2024-09-18T13:10:26 IST">
  <testcase classname="com.assignment_testCases.TC_SearchResults_001" name="verifythePageTitle" time="0.068">
    <failure type="java.lang.NullPointerException" message="Cannot invoke &amp;quot;org.openqa.selenium.SearchContext.findElement(org.openqa.selenium.By)&amp;quot; because &amp;quot;this.searchContext&amp;quot; is null">
      <![CDATA[java.lang.NullPointerException: Cannot invoke "org.openqa.selenium.SearchContext.findElement(org.openqa.selenium.By)" because "this.searchContext" is null
at org.openqa.selenium.support.pagefactory.DefaultElementLocator.findElement(DefaultElementLocator.java:68)
at org.openqa.selenium.support.pagefactory.internal.LocatingElementHandler.invoke(LocatingElementHandler.java:38)
at jdk.proxy2/jdk.proxy2.$Proxy17.sendKeys(Unknown Source)
at com.assignment_pageObjects.SearchContent.searchContent(SearchContent.java:42)
at com.assignment_testCases.TC_SearchResults_001.verifythePageTitle(TC_SearchResults_001.java:26)
at java.base/java.util.ArrayList.forEach(ArrayList.java:1597)
... Removed 25 stack frames]]>
    </failure>
  </testcase> <!-- verifythePageTitle -->
  <testcase classname="com.assignment_testCases.TC_SearchResults_001" name="verifyContentRelevantArticles" time="0.018">
    <failure type="java.lang.AssertionError" message="Exception occured while verifying the Page TitleCannot invoke &amp;quot;org.openqa.selenium.SearchContext.findElement(org.openqa.selenium.By)&amp;quot; because &amp;quot;this.searchContext&amp;quot; is null">
      <![CDATA[java.lang.AssertionError: Exception occured while verifying the Page TitleCannot invoke "org.openqa.selenium.SearchContext.findElement(org.openqa.selenium.By)" because "this.searchContext" is null
at com.assignment_testCases.TC_SearchResults_001.verifyContentRelevantArticles(TC_SearchResults_001.java:56)
at java.base/java.util.ArrayList.forEach(ArrayList.java:1597)
... Removed 26 stack frames]]>
    </failure>
  </testcase> <!-- verifyContentRelevantArticles -->
</testsuite> <!-- Test -->
