<?xml version="1.0" encoding="UTF-8"?>
<testng-results ignored="0" total="1" passed="0" failed="1" skipped="0">
  <reporter-output>
  </reporter-output>
  <suite started-at="2024-09-18T18:22:55 IST" name="TestSuite" finished-at="2024-09-18T18:23:04 IST" duration-ms="9439">
    <groups>
    </groups>
    <test started-at="2024-09-18T18:22:55 IST" name="Test" finished-at="2024-09-18T18:23:04 IST" duration-ms="9439">
      <class name="com.assignment_testCases.TC_003_SearchQueryPersistence">
        <test-method is-config="true" signature="setup(java.lang.String)[pri:0, instance:com.assignment_testCases.TC_003_SearchQueryPersistence@a87f8ec]" started-at="2024-09-18T18:22:55 IST" name="setup" finished-at="2024-09-18T18:22:58 IST" duration-ms="3479" status="PASS">
          <params>
            <param index="0">
              <value>
                <![CDATA[chrome]]>
              </value>
            </param>
          </params>
          <reporter-output>
          </reporter-output>
        </test-method> <!-- setup -->
        <test-method signature="verifySearchQueryPersistence()[pri:1, instance:com.assignment_testCases.TC_003_SearchQueryPersistence@a87f8ec]" started-at="2024-09-18T18:22:58 IST" name="verifySearchQueryPersistence" description="Verify search query persistence " finished-at="2024-09-18T18:22:59 IST" duration-ms="551" status="FAIL">
          <exception class="java.lang.AssertionError">
            <message>
              <![CDATA[expected [Recent rape cases happening in Indiaee] but found [Recent rape cases happening in India]]]>
            </message>
            <full-stacktrace>
              <![CDATA[java.lang.AssertionError: expected [Recent rape cases happening in Indiaee] but found [Recent rape cases happening in India]
at org.testng.Assert.fail(Assert.java:111)
at org.testng.Assert.failNotEquals(Assert.java:1578)
at org.testng.Assert.assertEqualsImpl(Assert.java:150)
at org.testng.Assert.assertEquals(Assert.java:132)
at org.testng.Assert.assertEquals(Assert.java:656)
at org.testng.Assert.assertEquals(Assert.java:666)
at com.assignment_testCases.TC_003_SearchQueryPersistence.verifySearchQueryPersistence(TC_003_SearchQueryPersistence.java:28)
at java.base/jdk.internal.reflect.DirectMethodHandleAccessor.invoke(DirectMethodHandleAccessor.java:103)
at java.base/java.lang.reflect.Method.invoke(Method.java:580)
at org.testng.internal.invokers.MethodInvocationHelper.invokeMethod(MethodInvocationHelper.java:141)
at org.testng.internal.invokers.TestInvoker.invokeMethod(TestInvoker.java:686)
at org.testng.internal.invokers.TestInvoker.invokeTestMethod(TestInvoker.java:230)
at org.testng.internal.invokers.MethodRunner.runInSequence(MethodRunner.java:63)
at org.testng.internal.invokers.TestInvoker$MethodInvocationAgent.invoke(TestInvoker.java:992)
at org.testng.internal.invokers.TestInvoker.invokeTestMethods(TestInvoker.java:203)
at org.testng.internal.invokers.TestMethodWorker.invokeTestMethods(TestMethodWorker.java:154)
at org.testng.internal.invokers.TestMethodWorker.run(TestMethodWorker.java:134)
at java.base/java.util.ArrayList.forEach(ArrayList.java:1597)
at org.testng.TestRunner.privateRun(TestRunner.java:739)
at org.testng.TestRunner.run(TestRunner.java:614)
at org.testng.SuiteRunner.runTest(SuiteRunner.java:421)
at org.testng.SuiteRunner.runSequentially(SuiteRunner.java:413)
at org.testng.SuiteRunner.privateRun(SuiteRunner.java:373)
at org.testng.SuiteRunner.run(SuiteRunner.java:312)
at org.testng.SuiteRunnerWorker.runSuite(SuiteRunnerWorker.java:52)
at org.testng.SuiteRunnerWorker.run(SuiteRunnerWorker.java:95)
at org.testng.TestNG.runSuitesSequentially(TestNG.java:1274)
at org.testng.TestNG.runSuitesLocally(TestNG.java:1208)
at org.testng.TestNG.runSuites(TestNG.java:1112)
at org.testng.TestNG.run(TestNG.java:1079)
at org.testng.remote.AbstractRemoteTestNG.run(AbstractRemoteTestNG.java:115)
at org.testng.remote.RemoteTestNG.initAndRun(RemoteTestNG.java:293)
at org.testng.remote.RemoteTestNG.main(RemoteTestNG.java:91)
]]>
            </full-stacktrace>
          </exception> <!-- java.lang.AssertionError -->
          <reporter-output>
          </reporter-output>
        </test-method> <!-- verifySearchQueryPersistence -->
        <test-method is-config="true" signature="tearDown()[pri:0, instance:com.assignment_testCases.TC_003_SearchQueryPersistence@a87f8ec]" started-at="2024-09-18T18:22:59 IST" name="tearDown" finished-at="2024-09-18T18:23:04 IST" duration-ms="5196" status="PASS">
          <reporter-output>
          </reporter-output>
        </test-method> <!-- tearDown -->
      </class> <!-- com.assignment_testCases.TC_003_SearchQueryPersistence -->
    </test> <!-- Test -->
  </suite> <!-- TestSuite -->
</testng-results>
